This is pdfTeX, Version 3.1415926-1.40.10 (TeX Live 2009/Debian) (format=pdflatex 2012.2.13)  30 JUL 2012 16:51
entering extended mode
 %&-line parsing enabled.
**clim3.tex
(./clim3.tex
LaTeX2e <2009/09/24>
Babel <v3.8l> and hyphenation patterns for english, usenglishmax, dumylang, noh
yphenation, loaded.
(/usr/share/texmf-texlive/tex/latex/base/report.cls
Document Class: report 2007/10/19 v1.4h Standard LaTeX document class
(/usr/share/texmf-texlive/tex/latex/base/size10.clo
File: size10.clo 2007/10/19 v1.4h Standard LaTeX file (size option)
)
\c@part=\count79
\c@chapter=\count80
\c@section=\count81
\c@subsection=\count82
\c@subsubsection=\count83
\c@paragraph=\count84
\c@subparagraph=\count85
\c@figure=\count86
\c@table=\count87
\abovecaptionskip=\skip41
\belowcaptionskip=\skip42
\bibindent=\dimen102
)
No file clim3.aux.
\openout1 = `clim3.aux'.

LaTeX Font Info:    Checking defaults for OML/cmm/m/it on input line 15.
LaTeX Font Info:    ... okay on input line 15.
LaTeX Font Info:    Checking defaults for T1/cmr/m/n on input line 15.
LaTeX Font Info:    ... okay on input line 15.
LaTeX Font Info:    Checking defaults for OT1/cmr/m/n on input line 15.
LaTeX Font Info:    ... okay on input line 15.
LaTeX Font Info:    Checking defaults for OMS/cmsy/m/n on input line 15.
LaTeX Font Info:    ... okay on input line 15.
LaTeX Font Info:    Checking defaults for OMX/cmex/m/n on input line 15.
LaTeX Font Info:    ... okay on input line 15.
LaTeX Font Info:    Checking defaults for U/cmr/m/n on input line 15.
LaTeX Font Info:    ... okay on input line 15.
LaTeX Font Info:    External font `cmex10' loaded for size
(Font)              <12> on input line 17.
LaTeX Font Info:    External font `cmex10' loaded for size
(Font)              <8> on input line 17.
LaTeX Font Info:    External font `cmex10' loaded for size
(Font)              <6> on input line 17.
[1

{/var/lib/texmf/fonts/map/pdftex/updmap/pdftex.map}]
Chapter 1.
[1

]
Chapter 2.
[2

] [3]
Chapter 3.
LaTeX Font Info:    External font `cmex10' loaded for size
(Font)              <7> on input line 154.
LaTeX Font Info:    External font `cmex10' loaded for size
(Font)              <5> on input line 154.
[4

]
LaTeX Font Info:    Try loading font information for OMS+cmr on input line 180.

 (/usr/share/texmf-texlive/tex/latex/base/omscmr.fd
File: omscmr.fd 1999/05/25 v2.5h Standard LaTeX font definitions
)
LaTeX Font Info:    Font shape `OMS/cmr/m/n' in size <10> not available
(Font)              Font shape `OMS/cmsy/m/n' tried instead on input line 180.
 [5]
Chapter 4.
[6

] [7] [8] [9] [10]
Chapter 5.
[11

] [12]
Chapter 6.
[13

]
Chapter 7.
[14

]
Chapter 8.
[15

] (./clim3.aux) ) 
Here is how much of TeX's memory you used:
 278 strings out of 495061
 3006 string characters out of 1182621
 51386 words of memory out of 3000000
 3528 multiletter control sequences out of 15000+50000
 8707 words of font info for 31 fonts, out of 3000000 for 9000
 28 hyphenation exceptions out of 8191
 23i,6n,19p,163b,179s stack positions out of 5000i,500n,10000p,200000b,50000s
</usr/share/texmf-texlive/fonts/type1/public/amsfonts/cm/cmbx1
2.pfb></usr/share/texmf-texlive/fonts/type1/public/amsfonts/cm/cmmi10.pfb></usr
/share/texmf-texlive/fonts/type1/public/amsfonts/cm/cmr10.pfb></usr/share/texmf
-texlive/fonts/type1/public/amsfonts/cm/cmr12.pfb></usr/share/texmf-texlive/fon
ts/type1/public/amsfonts/cm/cmr17.pfb></usr/share/texmf-texlive/fonts/type1/pub
lic/amsfonts/cm/cmsy10.pfb></usr/share/texmf-texlive/fonts/type1/public/amsfont
s/cm/cmsy7.pfb></usr/share/texmf-texlive/fonts/type1/public/amsfonts/cm/cmti10.
pfb></usr/share/texmf-texlive/fonts/type1/public/amsfonts/cm/cmtt10.pfb>
Output written on clim3.pdf (16 pages, 143977 bytes).
PDF statistics:
 90 PDF objects out of 1000 (max. 8388607)
 0 named destinations out of 1000 (max. 500000)
 1 words of extra memory for PDF output out of 10000 (max. 10000000)

